<?xml version="1.0" encoding="UTF-8"?>
<testsuite name="it.univr.bank.TestBankAccount" tests="3" skipped="0" failures="0" errors="0" timestamp="2026-02-08T09:16:06.885Z" hostname="codespaces-4890ce" time="0.006">
  <properties/>
  <testcase name="testEmpty" classname="it.univr.bank.TestBankAccount" time="0.002"/>
  <testcase name="testBalance" classname="it.univr.bank.TestBankAccount" time="0.002"/>
  <testcase name="testBalance1000Iteration" classname="it.univr.bank.TestBankAccount" time="0.001"/>
  <system-out><![CDATA[]]></system-out>
  <system-err><![CDATA[]]></system-err>
</testsuite>
